#
# An unexpected error has occurred (11)
#
Stack:
/opt/Xilinx/Vivado/2019.1/tps/lnx64/jre9.0.4/lib//server/libjvm.so(+0xb6aadb) [0x7ff3897b1adb]
/opt/Xilinx/Vivado/2019.1/tps/lnx64/jre9.0.4/lib//server/libjvm.so(JVM_handle_linux_signal+0xbb) [0x7ff3897b6e1b]
/opt/Xilinx/Vivado/2019.1/tps/lnx64/jre9.0.4/lib//server/libjvm.so(+0xb647b8) [0x7ff3897ab7b8]
/lib/x86_64-linux-gnu/libc.so.6(+0x46210) [0x7ff3cf1dd210]
/opt/Xilinx/Vivado/2019.1/lib/lnx64.o/librdi_simbridge_kernel.so(SimBridge::CArray::empty() const+0) [0x7ff38e5db7b0]
/opt/Xilinx/Vivado/2019.1/lib/lnx64.o/librdi_simbridge_kernel.so(SimBridge::WdbEventBlock::addBlock(SimBridge::WdbIBlockManager&, unsigned int&) const+0x1e) [0x7ff38e5dbe8e]
/opt/Xilinx/Vivado/2019.1/lib/lnx64.o/librdi_simbridge_kernel.so(SimBridge::WdbMultipleBucketEventDatabase::getEventBlockDatabaseIterator(std::vector<SimBridge::WdbScalarBTree*, std::allocator<SimBridge::WdbScalarBTree*> > const&, std::vector<boost::shared_ptr<SimBridge::WdbIEventBlockIterator>, std::allocator<boost::shared_ptr<SimBridge::WdbIEventBlockIterator> > >&, std::vector<std::vector<SimBridge::WdbScalarBTree*, std::allocator<SimBridge::WdbScalarBTree*> >, std::allocator<std::vector<SimBridge::WdbScalarBTree*, std::allocator<SimBridge::WdbScalarBTree*> > > >&) const+0x691) [0x7ff38e5f5391]
/opt/Xilinx/Vivado/2019.1/lib/lnx64.o/librdi_simbridge_kernel.so(SimBridge::WdbAddressBTreeManager::scanWdbDatabaseMultiThread(std::vector<SimBridge::WdbScalarBTree*, std::allocator<SimBridge::WdbScalarBTree*> > const&, ISIM::IGuiStatus*)+0xc4) [0x7ff38e5d2e14]
/opt/Xilinx/Vivado/2019.1/lib/lnx64.o/librdi_wavedata.so(SimBridge::DataObjMgr::createDrawingBTree(std::vector<SimBridge::IDataObj const*, std::allocator<SimBridge::IDataObj const*> > const&, ISIM::IGuiStatus*, bool)+0x32a) [0x7ff39747023a]
/opt/Xilinx/Vivado/2019.1/lib/lnx64.o/librdi_wavedata.so(SimBridge::DataReader::getValue(SimBridge::IDataObj const*, long long, SimBridge::ValueFormat const&, SimBridge::Value&) const+0x134) [0x7ff39747bcb4]
/opt/Xilinx/Vivado/2019.1/lib/lnx64.o/librdi_wavedata.so(SG_Model::Model::getValue(SG_Model::WVDataObject const*, long long, SimBridge::Radix const&) const+0x101) [0x7ff39751f581]
/opt/Xilinx/Vivado/2019.1/lib/lnx64.o/librdi_wavedata.so(WaveViewer::WVNameValueTreeModel::getCurrentValue[abi:cxx11](SG_Model::WVDataObject const*, long long, SimBridge::Radix) const+0xb1) [0x7ff39759d721]
/opt/Xilinx/Vivado/2019.1/lib/lnx64.o/librdi_wavedata.so(WaveViewer::WVWaveformTraverserValue::buildValueNodeItem(SG_Model::WVDataObject const*, WVValueNode*, WaveViewer::WVNameValueTreeModel::ITraverseHandler::ItemSize const&) const+0x80) [0x7ff3975ce970]
/opt/Xilinx/Vivado/2019.1/lib/lnx64.o/librdi_wavedata.so(WaveViewer::WVWaveformTraverserValue::handleItemSize(WaveViewer::WVNameValueTreeModel::ITraverseHandler::ItemSize const&)+0xd7) [0x7ff3975cec57]
/opt/Xilinx/Vivado/2019.1/lib/lnx64.o/librdi_wavedata.so(WaveViewer::WVNameValueTreeModel::traverseYRange(SG_Model::WVDataObject const*, WaveViewer::WVNameValueTreeModel::ITraverseHandler&, int, int, int&, int&) const+0x268) [0x7ff39759dce8]
/opt/Xilinx/Vivado/2019.1/lib/lnx64.o/librdi_wavedata.so(WaveViewer::WVNameValueTreeModel::traverseYRange(SG_Model::WVDataObject const*, WaveViewer::WVNameValueTreeModel::ITraverseHandler&, int, int, int&, int&) const+0x336) [0x7ff39759ddb6]
/opt/Xilinx/Vivado/2019.1/lib/lnx64.o/librdi_wavedata.so(WaveViewer::WVNameValueTreeModel::traverseYRange(WaveViewer::WVNameValueTreeModel::ITraverseHandler&, int, int) const+0x57) [0x7ff39759edc7]
/opt/Xilinx/Vivado/2019.1/lib/lnx64.o/librdi_wavedata.so(WVExecutiveImp::getValueDataSize()+0xb6) [0x7ff397593f86]
/opt/Xilinx/Vivado/2019.1/lib/lnx64.o/librdi_wavedata.so(Java_ui_views_waveform_waveformi_WVExecutive_1getValueDataSize+0x17) [0x7ff3975d5b57]
[0x7ff371ce1db5]
