Vivado Simulator 2019.1
Time resolution is 1 ps
[17360] First number(low byte) - bit[0]: 1
[26040] First number(low byte) - bit[1]: 1
[34720] First number(low byte) - bit[2]: 0
[43400] First number(low byte) - bit[3]: 1
[52080] First number(low byte) - bit[4]: 0
[60760] First number(low byte) - bit[5]: 0
[69440] First number(low byte) - bit[6]: 0
[78120] First number(low byte) - bit[7]: 0
[104160] First number(high byte) - bit[8]: 0
[112840] First number(high byte) - bit[9]: 1
[121520] First number(high byte) - bit[10]: 0
[130200] First number(high byte) - bit[11]: 0
[138880] First number(high byte) - bit[12]: 0
[147560] First number(high byte) - bit[13]: 0
[156240] First number(high byte) - bit[14]: 0
[164920] First number(high byte) - bit[15]: 0
[199640] Second number(low byte) - bit[0]: 1
[208320] Second number(low byte) - bit[1]: 1
[217000] Second number(low byte) - bit[2]: 1
[225680] Second number(low byte) - bit[3]: 0
[234360] Second number(low byte) - bit[4]: 0
[243040] Second number(low byte) - bit[5]: 1
[251720] Second number(low byte) - bit[6]: 0
[260400] Second number(low byte) - bit[7]: 1
[286440] Second number(high byte) - bit[8]: 1
[295120] Second number(high byte) - bit[9]: 0
[303800] Second number(high byte) - bit[10]: 0
[312480] Second number(high byte) - bit[11]: 0
[321160] Second number(high byte) - bit[12]: 0
[329840] Second number(high byte) - bit[13]: 0
[338520] Second number(high byte) - bit[14]: 0
[347200] Second number(high byte) - bit[15]: 0
